<?xml version="1.0" encoding="UTF-8"?>
<testng-results ignored="0" total="5" passed="4" failed="1" skipped="0">
  <reporter-output>
  </reporter-output>
  <suite started-at="2025-12-05T17:42:32 IST" name="Suite" finished-at="2025-12-05T17:43:08 IST" duration-ms="35866">
    <groups>
      <group name="cucumber">
        <method signature="AbstractTestNGCucumberTests.runScenario(io.cucumber.testng.PickleWrapper, io.cucumber.testng.FeatureWrapper)[pri:0, instance:testrunner@6c779568]" name="runScenario" class="io.cucumber.testng.AbstractTestNGCucumberTests"/>
      </group> <!-- cucumber -->
    </groups>
    <test started-at="2025-12-05T17:42:32 IST" name="Test" finished-at="2025-12-05T17:43:08 IST" duration-ms="35800">
      <class name="testrunner">
        <test-method is-config="true" signature="setUpClass()[pri:0, instance:testrunner@6c779568]" started-at="2025-12-05T17:42:32 IST" name="setUpClass" finished-at="2025-12-05T17:42:32 IST" duration-ms="211" status="PASS">
          <reporter-output>
          </reporter-output>
        </test-method> <!-- setUpClass -->
        <test-method signature="runScenario(io.cucumber.testng.PickleWrapper, io.cucumber.testng.FeatureWrapper)[pri:0, instance:testrunner@6c779568]" started-at="2025-12-05T17:42:32 IST" name="runScenario" description="Runs Cucumber Scenarios" data-provider="scenarios" finished-at="2025-12-05T17:42:39 IST" duration-ms="6465" status="PASS">
          <params>
            <param index="0">
              <value>
                <![CDATA["Verify user to enter the store"]]>
              </value>
            </param>
            <param index="1">
              <value>
                <![CDATA["Optional[Enter The Store]"]]>
              </value>
            </param>
          </params>
          <reporter-output>
          </reporter-output>
        </test-method> <!-- runScenario -->
        <test-method signature="runScenario(io.cucumber.testng.PickleWrapper, io.cucumber.testng.FeatureWrapper)[pri:0, instance:testrunner@6c779568]" started-at="2025-12-05T17:42:39 IST" name="runScenario" description="Runs Cucumber Scenarios" data-provider="scenarios" finished-at="2025-12-05T17:42:45 IST" duration-ms="6591" status="FAIL">
          <params>
            <param index="0">
              <value>
                <![CDATA["Verify user can buy fish from fish section"]]>
              </value>
            </param>
            <param index="1">
              <value>
                <![CDATA["Optional[Buy Fish]"]]>
              </value>
            </param>
          </params>
          <exception class="java.lang.AssertionError">
            <message>
              <![CDATA[expected [true] but found [false]]]>
            </message>
            <full-stacktrace>
              <![CDATA[java.lang.AssertionError: expected [true] but found [false]
at org.testng.Assert.fail(Assert.java:97)
at org.testng.Assert.failNotEquals(Assert.java:969)
at org.testng.Assert.assertTrue(Assert.java:43)
at org.testng.Assert.assertTrue(Assert.java:53)
at stepdefinition.TC02.user_stays_in_item_page(TC02.java:47)
at ✽.user stays in item page(file:///D:/Maven%20Assessment/Assessment/Features/2_Buy_Fish.feature:9)
]]>
            </full-stacktrace>
          </exception> <!-- java.lang.AssertionError -->
          <reporter-output>
          </reporter-output>
        </test-method> <!-- runScenario -->
        <test-method signature="runScenario(io.cucumber.testng.PickleWrapper, io.cucumber.testng.FeatureWrapper)[pri:0, instance:testrunner@6c779568]" started-at="2025-12-05T17:42:45 IST" name="runScenario" description="Runs Cucumber Scenarios" data-provider="scenarios" finished-at="2025-12-05T17:42:53 IST" duration-ms="7342" status="PASS">
          <params>
            <param index="0">
              <value>
                <![CDATA["Verify user remove item"]]>
              </value>
            </param>
            <param index="1">
              <value>
                <![CDATA["Optional[Buy Fish]"]]>
              </value>
            </param>
          </params>
          <reporter-output>
          </reporter-output>
        </test-method> <!-- runScenario -->
        <test-method signature="runScenario(io.cucumber.testng.PickleWrapper, io.cucumber.testng.FeatureWrapper)[pri:0, instance:testrunner@6c779568]" started-at="2025-12-05T17:42:53 IST" name="runScenario" description="Runs Cucumber Scenarios" data-provider="scenarios" finished-at="2025-12-05T17:43:00 IST" duration-ms="7546" status="PASS">
          <params>
            <param index="0">
              <value>
                <![CDATA["Verify user can update cart"]]>
              </value>
            </param>
            <param index="1">
              <value>
                <![CDATA["Optional[Buy Fish]"]]>
              </value>
            </param>
          </params>
          <reporter-output>
          </reporter-output>
        </test-method> <!-- runScenario -->
        <test-method signature="runScenario(io.cucumber.testng.PickleWrapper, io.cucumber.testng.FeatureWrapper)[pri:0, instance:testrunner@6c779568]" started-at="2025-12-05T17:43:00 IST" name="runScenario" description="Runs Cucumber Scenarios" data-provider="scenarios" finished-at="2025-12-05T17:43:08 IST" duration-ms="7540" status="PASS">
          <params>
            <param index="0">
              <value>
                <![CDATA["Verify user can checkout item"]]>
              </value>
            </param>
            <param index="1">
              <value>
                <![CDATA["Optional[Buy Fish]"]]>
              </value>
            </param>
          </params>
          <reporter-output>
          </reporter-output>
        </test-method> <!-- runScenario -->
        <test-method is-config="true" signature="tearDownClass()[pri:0, instance:testrunner@6c779568]" started-at="2025-12-05T17:43:08 IST" name="tearDownClass" finished-at="2025-12-05T17:43:08 IST" duration-ms="5" status="PASS">
          <reporter-output>
          </reporter-output>
        </test-method> <!-- tearDownClass -->
      </class> <!-- testrunner -->
    </test> <!-- Test -->
    <test started-at="2025-12-05T17:43:08 IST" name="reporter" finished-at="2025-12-05T17:43:08 IST" duration-ms="0">
    </test> <!-- reporter -->
    <test started-at="2025-12-05T17:43:08 IST" name="screenshot" finished-at="2025-12-05T17:43:08 IST" duration-ms="0">
      <class name="utilities.reportGenerator">
        <test-method is-config="true" signature="beforeSuite()[pri:0, instance:utilities.reportGenerator@4d910fd6]" started-at="2025-12-05T17:42:32 IST" name="beforeSuite" finished-at="2025-12-05T17:42:32 IST" duration-ms="134" status="PASS">
          <reporter-output>
          </reporter-output>
        </test-method> <!-- beforeSuite -->
        <test-method is-config="true" signature="afterSuite()[pri:0, instance:utilities.reportGenerator@4d910fd6]" started-at="2025-12-05T17:43:08 IST" name="afterSuite" finished-at="2025-12-05T17:43:08 IST" duration-ms="0" status="PASS">
          <reporter-output>
          </reporter-output>
        </test-method> <!-- afterSuite -->
      </class> <!-- utilities.reportGenerator -->
    </test> <!-- screenshot -->
  </suite> <!-- Suite -->
</testng-results>
