<?xml version="1.0" encoding="UTF-8"?>
<testng-results ignored="0" total="2" passed="1" failed="1" skipped="0">
  <reporter-output>
  </reporter-output>
  <suite started-at="2025-12-05T16:52:52 IST" name="Suite" finished-at="2025-12-05T16:53:06 IST" duration-ms="13428">
    <groups>
      <group name="cucumber">
        <method signature="AbstractTestNGCucumberTests.runScenario(io.cucumber.testng.PickleWrapper, io.cucumber.testng.FeatureWrapper)[pri:0, instance:testrunner@2cdd0d4b]" name="runScenario" class="io.cucumber.testng.AbstractTestNGCucumberTests"/>
      </group> <!-- cucumber -->
    </groups>
    <test started-at="2025-12-05T16:52:52 IST" name="Test" finished-at="2025-12-05T16:53:06 IST" duration-ms="13371">
      <class name="testrunner">
        <test-method is-config="true" signature="setUpClass()[pri:0, instance:testrunner@2cdd0d4b]" started-at="2025-12-05T16:52:52 IST" name="setUpClass" finished-at="2025-12-05T16:52:53 IST" duration-ms="240" status="PASS">
          <reporter-output>
          </reporter-output>
        </test-method> <!-- setUpClass -->
        <test-method signature="runScenario(io.cucumber.testng.PickleWrapper, io.cucumber.testng.FeatureWrapper)[pri:0, instance:testrunner@2cdd0d4b]" started-at="2025-12-05T16:52:53 IST" name="runScenario" description="Runs Cucumber Scenarios" data-provider="scenarios" finished-at="2025-12-05T16:52:59 IST" duration-ms="6177" status="PASS">
          <params>
            <param index="0">
              <value>
                <![CDATA["Verify user to enter the store"]]>
              </value>
            </param>
            <param index="1">
              <value>
                <![CDATA["Optional[Enter The Store]"]]>
              </value>
            </param>
          </params>
          <reporter-output>
          </reporter-output>
        </test-method> <!-- runScenario -->
        <test-method signature="runScenario(io.cucumber.testng.PickleWrapper, io.cucumber.testng.FeatureWrapper)[pri:0, instance:testrunner@2cdd0d4b]" started-at="2025-12-05T16:52:59 IST" name="runScenario" description="Runs Cucumber Scenarios" data-provider="scenarios" finished-at="2025-12-05T16:53:06 IST" duration-ms="6833" status="FAIL">
          <params>
            <param index="0">
              <value>
                <![CDATA["Verify user can buy fish from fish section"]]>
              </value>
            </param>
            <param index="1">
              <value>
                <![CDATA["Optional[Buy Fish]"]]>
              </value>
            </param>
          </params>
          <exception class="java.lang.AssertionError">
            <message>
              <![CDATA[expected [true] but found [false]]]>
            </message>
            <full-stacktrace>
              <![CDATA[java.lang.AssertionError: expected [true] but found [false]
at org.testng.Assert.fail(Assert.java:97)
at org.testng.Assert.failNotEquals(Assert.java:969)
at org.testng.Assert.assertTrue(Assert.java:43)
at org.testng.Assert.assertTrue(Assert.java:53)
at stepdefinition.TC02.user_stays_in_item_page(TC02.java:47)
at âœ½.user stays in item page(file:///D:/Maven%20Assessment/Assessment/Features/2_Buy_Fish.feature:9)
]]>
            </full-stacktrace>
          </exception> <!-- java.lang.AssertionError -->
          <reporter-output>
          </reporter-output>
        </test-method> <!-- runScenario -->
        <test-method is-config="true" signature="tearDownClass()[pri:0, instance:testrunner@2cdd0d4b]" started-at="2025-12-05T16:53:06 IST" name="tearDownClass" finished-at="2025-12-05T16:53:06 IST" duration-ms="5" status="PASS">
          <reporter-output>
          </reporter-output>
        </test-method> <!-- tearDownClass -->
      </class> <!-- testrunner -->
    </test> <!-- Test -->
    <test started-at="2025-12-05T16:53:06 IST" name="reporter" finished-at="2025-12-05T16:53:06 IST" duration-ms="1">
    </test> <!-- reporter -->
    <test started-at="2025-12-05T16:53:06 IST" name="screenshot" finished-at="2025-12-05T16:53:06 IST" duration-ms="0">
      <class name="utilities.reportGenerator">
        <test-method is-config="true" signature="beforeSuite()[pri:0, instance:utilities.reportGenerator@7690781]" started-at="2025-12-05T16:52:52 IST" name="beforeSuite" finished-at="2025-12-05T16:52:52 IST" duration-ms="148" status="PASS">
          <reporter-output>
          </reporter-output>
        </test-method> <!-- beforeSuite -->
        <test-method is-config="true" signature="afterSuite()[pri:0, instance:utilities.reportGenerator@7690781]" started-at="2025-12-05T16:53:06 IST" name="afterSuite" finished-at="2025-12-05T16:53:06 IST" duration-ms="1" status="PASS">
          <reporter-output>
          </reporter-output>
        </test-method> <!-- afterSuite -->
      </class> <!-- utilities.reportGenerator -->
    </test> <!-- screenshot -->
  </suite> <!-- Suite -->
</testng-results>
