-------------------------------------------------------------------------------
Test set: TestSuite
-------------------------------------------------------------------------------
Tests run: 2, Failures: 1, Errors: 0, Skipped: 0, Time elapsed: 14.21 s <<< FAILURE! - in TestSuite
runScenario(testrunner)  Time elapsed: 6.842 s  <<< FAILURE!
java.lang.AssertionError: expected [true] but found [false]

