{"name":"Verify the login functionality with valid details","status":"broken","statusDetails":{"known":false,"muted":false,"flaky":false,"message":"C:\\Users\\Administrator\\Documents\\Selenium Demo\\capstone\\screenshots\\User logs in with valid username and valid password.jpeg (The system cannot find the path specified)","trace":"java.io.FileNotFoundException: C:\\Users\\Administrator\\Documents\\Selenium Demo\\capstone\\screenshots\\User logs in with valid username and valid password.jpeg (The system cannot find the path specified)\r\n\tat java.base/java.io.FileOutputStream.open0(Native Method)\r\n\tat java.base/java.io.FileOutputStream.open(FileOutputStream.java:289)\r\n\tat java.base/java.io.FileOutputStream.<init>(FileOutputStream.java:230)\r\n\tat io.cucumber.messages.internal.com.google.common.io.Files$FileByteSink.openStream(Files.java:193)\r\n\tat io.cucumber.messages.internal.com.google.common.io.Files$FileByteSink.openStream(Files.java:181)\r\n\tat io.cucumber.messages.internal.com.google.common.io.ByteSource.copyTo(ByteSource.java:265)\r\n\tat io.cucumber.messages.internal.com.google.common.io.Files.copy(Files.java:326)\r\n\tat utilities.screenshot.takeScreenshot(screenshot.java:24)\r\n\tat stepdefinition.TC01_valid_login_data.user_navigates_to_home_page(TC01_valid_login_data.java:47)\r\n\tat ✽.user navigates to home page(file:///C:/Users/Administrator/Documents/Selenium%20Demo/Assessment/Features/1_login.feature:9)\r\n"},"stage":"finished","steps":[{"name":"Given  the user is in the login page","status":"passed","statusDetails":{"known":false,"muted":false,"flaky":false},"stage":"finished","steps":[],"attachments":[],"parameters":[],"start":1764901130863,"stop":1764901130881},{"name":"When  he enters valid username \"user1usthp\" and valid password \"Pass@word123\"","status":"passed","statusDetails":{"known":false,"muted":false,"flaky":false},"stage":"finished","steps":[],"attachments":[],"parameters":[],"start":1764901130882,"stop":1764901134524},{"name":"Then  user navigates to home page","status":"broken","statusDetails":{"known":false,"muted":false,"flaky":false,"message":"C:\\Users\\Administrator\\Documents\\Selenium Demo\\capstone\\screenshots\\User logs in with valid username and valid password.jpeg (The system cannot find the path specified)","trace":"java.io.FileNotFoundException: C:\\Users\\Administrator\\Documents\\Selenium Demo\\capstone\\screenshots\\User logs in with valid username and valid password.jpeg (The system cannot find the path specified)\r\n\tat java.base/java.io.FileOutputStream.open0(Native Method)\r\n\tat java.base/java.io.FileOutputStream.open(FileOutputStream.java:289)\r\n\tat java.base/java.io.FileOutputStream.<init>(FileOutputStream.java:230)\r\n\tat io.cucumber.messages.internal.com.google.common.io.Files$FileByteSink.openStream(Files.java:193)\r\n\tat io.cucumber.messages.internal.com.google.common.io.Files$FileByteSink.openStream(Files.java:181)\r\n\tat io.cucumber.messages.internal.com.google.common.io.ByteSource.copyTo(ByteSource.java:265)\r\n\tat io.cucumber.messages.internal.com.google.common.io.Files.copy(Files.java:326)\r\n\tat utilities.screenshot.takeScreenshot(screenshot.java:24)\r\n\tat stepdefinition.TC01_valid_login_data.user_navigates_to_home_page(TC01_valid_login_data.java:47)\r\n\tat ✽.user navigates to home page(file:///C:/Users/Administrator/Documents/Selenium%20Demo/Assessment/Features/1_login.feature:9)\r\n"},"stage":"finished","steps":[],"attachments":[],"parameters":[],"start":1764901134525,"stop":1764901134677}],"attachments":[],"parameters":[{"name":"username","value":"user1usthp"},{"name":"password","value":"Pass@word123"}],"start":1764901127042,"stop":1764901137965,"uuid":"bd902284-c6c6-4724-9dd5-1f92089eebf8","historyId":"4338640460db8460cb865ac913257ece","fullName":"Login Page: Verify the login functionality with valid details","labels":[{"name":"tag","value":"login"},{"name":"host","value":"1557c1b26e0a528"},{"name":"thread","value":"7500@1557c1b26e0a528.main(1)"},{"name":"feature","value":"Login Page"},{"name":"story","value":"Verify the login functionality with valid details"},{"name":"suite","value":"Login Page"},{"name":"testClass","value":"Verify the login functionality with valid details"},{"name":"framework","value":"cucumber4jvm"},{"name":"language","value":"java"},{"name":"gherkin_uri","value":"file:///C:/Users/Administrator/Documents/Selenium%20Demo/Assessment/Features/1_login.feature"},{"name":"package","value":"Features.1_login_feature.Login Page"}],"links":[]}