<?xml version="1.0" encoding="UTF-8"?>
<!-- Generated by org.testng.reporters.JUnitReportReporter -->
<testsuite hostname="1557c1b26e0a528" failures="1" tests="2" name="testrunner" time="13.010" errors="0" timestamp="2025-12-05T16:53:06 IST" skipped="0">
  <testcase classname="testrunner" name="runScenario" time="6.833">
    <failure message="expected [true] but found [false]" type="java.lang.AssertionError">
      <![CDATA[java.lang.AssertionError: expected [true] but found [false]
at org.testng.Assert.fail(Assert.java:97)
at org.testng.Assert.failNotEquals(Assert.java:969)
at org.testng.Assert.assertTrue(Assert.java:43)
at org.testng.Assert.assertTrue(Assert.java:53)
at stepdefinition.TC02.user_stays_in_item_page(TC02.java:47)
at âœ½.user stays in item page(file:///D:/Maven%20Assessment/Assessment/Features/2_Buy_Fish.feature:9)
]]>
    </failure>
  </testcase> <!-- runScenario -->
  <system-out/>
  <testcase classname="testrunner" name="runScenario" time="6.177"/>
  <system-out/>
</testsuite> <!-- testrunner -->
